<?xml version="1.0" encoding="UTF-8"?>
<!-- Generated by org.testng.reporters.JUnitReportReporter -->
<testsuite hostname="DESKTOP-PTOCE9C" failures="0" tests="1" name="TestNG.TestCase2" time="6.658" errors="0" timestamp="2022-12-30T17:44:17 IST" skipped="0">
  <testcase classname="TestNG.TestCase2" name="tc2" time="6.658"/>
  <system-out>
    <![CDATA[Forgotten Password | Can't Log In | Facebook
https://www.facebook.com/login/identify/?ctx=recover&ars=facebook_login&from_login_screen=0]]>
  </system-out>
</testsuite> <!-- TestNG.TestCase2 -->
