<?xml version="1.0" encoding="UTF-8"?>
<!-- Generated by org.testng.reporters.JUnitReportReporter -->
<testsuite hostname="DESKTOP-PTOCE9C" failures="0" tests="3" name="TestNG.Third" time="0.031" errors="0" timestamp="2022-12-30T13:43:38 IST" skipped="0">
  <testcase classname="TestNG.Third" name="chats" time="0.018"/>
  <system-out>
    <![CDATA[chats]]>
  </system-out>
  <testcase classname="TestNG.Third" name="setting" time="0.007"/>
  <system-out>
    <![CDATA[setting]]>
  </system-out>
  <testcase classname="TestNG.Third" name="calls" time="0.006"/>
  <system-out>
    <![CDATA[calls]]>
  </system-out>
</testsuite> <!-- TestNG.Third -->
