<?xml version="1.0" encoding="UTF-8"?>
<!-- Generated by org.testng.reporters.JUnitReportReporter -->
<testsuite hostname="DESKTOP-PTOCE9C" failures="0" tests="3" name="TestNG.Third$Second" time="0.022" errors="0" timestamp="2022-12-30T13:34:34 IST" skipped="0">
  <testcase classname="TestNG.Third$Second" name="setting" time="0.004"/>
  <system-out>
    <![CDATA[setting]]>
  </system-out>
  <testcase classname="TestNG.Third$Second" name="chats" time="0.016"/>
  <system-out>
    <![CDATA[chats]]>
  </system-out>
  <testcase classname="TestNG.Third$Second" name="calls" time="0.002"/>
  <system-out>
    <![CDATA[calls]]>
  </system-out>
</testsuite> <!-- TestNG.Third$Second -->
