<?xml version="1.0" encoding="UTF-8"?>
<!-- Generated by org.testng.reporters.JUnitReportReporter -->
<testsuite hostname="DESKTOP-PTOCE9C" failures="0" tests="3" name="TestNG.Second" time="0.029" errors="0" timestamp="2022-12-30T13:25:57 IST" skipped="0">
  <testcase classname="TestNG.Second" name="chats" time="0.021"/>
  <system-out>
    <![CDATA[chats]]>
  </system-out>
  <testcase classname="TestNG.Second" name="calls" time="0.005"/>
  <system-out>
    <![CDATA[calls]]>
  </system-out>
  <testcase classname="TestNG.Second" name="setting" time="0.003"/>
  <system-out>
    <![CDATA[setting]]>
  </system-out>
</testsuite> <!-- TestNG.Second -->
