<?xml version="1.0" encoding="UTF-8"?>
<!-- Generated by org.testng.reporters.JUnitReportReporter -->
<testsuite hostname="DESKTOP-PTOCE9C" failures="0" tests="1" name="TestNG.First" time="0.019" errors="0" timestamp="2022-12-30T13:09:30 IST" skipped="0">
  <testcase classname="TestNG.First" name="demo" time="0.019"/>
  <system-out>
    <![CDATA[Hello java 
Hello selenium ]]>
  </system-out>
</testsuite> <!-- TestNG.First -->
