<?xml version="1.0" encoding="UTF-8"?>
<!-- Generated by org.testng.reporters.JUnitReportReporter -->
<testsuite hostname="DESKTOP-PTOCE9C" failures="0" tests="1" name="TestNG.TestCase3" time="8.361" errors="0" timestamp="2022-12-30T17:44:17 IST" skipped="0">
  <testcase classname="TestNG.TestCase3" name="tc3" time="8.361"/>
  <system-out>
    <![CDATA[Log in to Facebook
https://www.facebook.com/login/?next=https%3A%2F%2Fwww.facebook.com%2Fpages%2Fcreate%2F%3Fref_type%3Dregistration_form]]>
  </system-out>
</testsuite> <!-- TestNG.TestCase3 -->
