<?xml version="1.0" encoding="UTF-8"?>
<!-- Generated by org.testng.reporters.JUnitReportReporter -->
<testsuite hostname="DESKTOP-PTOCE9C" failures="0" tests="5" name="TestNG.Fourth" time="0.067" errors="0" timestamp="2022-12-30T13:45:05 IST" skipped="0">
  <testcase classname="TestNG.Fourth" name="setting" time="0.003"/>
  <system-out>
    <![CDATA[setting]]>
  </system-out>
  <testcase classname="TestNG.Fourth" name="chats" time="0.051"/>
  <system-out>
    <![CDATA[chats]]>
  </system-out>
  <testcase classname="TestNG.Fourth" name="setting" time="0.003"/>
  <system-out>
    <![CDATA[setting]]>
  </system-out>
  <testcase classname="TestNG.Fourth" name="setting" time="0.002"/>
  <system-out>
    <![CDATA[setting]]>
  </system-out>
  <testcase classname="TestNG.Fourth" name="calls" time="0.008"/>
  <system-out>
    <![CDATA[calls]]>
  </system-out>
</testsuite> <!-- TestNG.Fourth -->
