<?xml version="1.0" encoding="UTF-8"?>
<!-- Generated by org.testng.reporters.JUnitReportReporter -->
<testsuite hostname="DESKTOP-PTOCE9C" failures="0" tests="3" name="TestNG.Fifth" time="0.022" errors="0" timestamp="2022-12-30T13:50:15 IST" skipped="1">
  <testcase classname="TestNG.Fifth" name="chats" time="0.017"/>
  <system-out>
    <![CDATA[chats]]>
  </system-out>
  <testcase classname="TestNG.Fifth" name="calls" time="0.005"/>
  <system-out>
    <![CDATA[calls]]>
  </system-out>
  <testcase classname="TestNG.Fifth" name="setting">
    <skipped/>
  </testcase> <!-- setting -->
  <system-out/>
</testsuite> <!-- TestNG.Fifth -->
