<?xml version="1.0" encoding="UTF-8"?>
<!-- Generated by org.testng.reporters.JUnitReportReporter -->
<testsuite hostname="DESKTOP-PTOCE9C" failures="0" tests="1" name="Oops.tp" time="0.021" errors="0" timestamp="2022-12-20T22:00:20 IST" skipped="0">
  <testcase classname="Oops.tp" name="myTest" time="0.021"/>
  <system-out/>
</testsuite> <!-- Oops.tp -->
